<?xml version="1.0" encoding="UTF-8"?>
<testsuite xmlns:xsi="http://www.w3.org/2001/XMLSchema-instance" xsi:noNamespaceSchemaLocation="https://maven.apache.org/surefire/maven-surefire-plugin/xsd/surefire-test-report-3.0.xsd" version="3.0" name="test_runner.Test_Runner" time="0.408" tests="0" errors="0" skipped="0" failures="0">
  <properties>
    <property name="java.specification.version" value="24"/>
    <property name="sun.cpu.isalist" value="amd64"/>
    <property name="sun.jnu.encoding" value="Cp1252"/>
    <property name="java.class.path" value="C:\Users\hi\Desktop\EERP_Internal_Auto_testing\com.rainbird\target\test-classes;C:\Users\hi\Desktop\EERP_Internal_Auto_testing\com.rainbird\target\classes;C:\Users\hi\.m2\repository\com\microsoft\playwright\playwright\1.51.0\playwright-1.51.0.jar;C:\Users\hi\.m2\repository\com\google\code\gson\gson\2.12.1\gson-2.12.1.jar;C:\Users\hi\.m2\repository\com\google\errorprone\error_prone_annotations\2.36.0\error_prone_annotations-2.36.0.jar;C:\Users\hi\.m2\repository\org\opentest4j\opentest4j\1.3.0\opentest4j-1.3.0.jar;C:\Users\hi\.m2\repository\com\microsoft\playwright\driver\1.51.0\driver-1.51.0.jar;C:\Users\hi\.m2\repository\com\microsoft\playwright\driver-bundle\1.51.0\driver-bundle-1.51.0.jar;C:\Users\hi\.m2\repository\io\cucumber\cucumber-junit\7.21.1\cucumber-junit-7.21.1.jar;C:\Users\hi\.m2\repository\org\apiguardian\apiguardian-api\1.1.2\apiguardian-api-1.1.2.jar;C:\Users\hi\.m2\repository\io\cucumber\cucumber-core\7.21.1\cucumber-core-7.21.1.jar;C:\Users\hi\.m2\repository\io\cucumber\cucumber-gherkin\7.21.1\cucumber-gherkin-7.21.1.jar;C:\Users\hi\.m2\repository\io\cucumber\cucumber-gherkin-messages\7.21.1\cucumber-gherkin-messages-7.21.1.jar;C:\Users\hi\.m2\repository\io\cucumber\gherkin\31.0.0\gherkin-31.0.0.jar;C:\Users\hi\.m2\repository\io\cucumber\messages\27.2.0\messages-27.2.0.jar;C:\Users\hi\.m2\repository\io\cucumber\testng-xml-formatter\0.3.1\testng-xml-formatter-0.3.1.jar;C:\Users\hi\.m2\repository\io\cucumber\query\13.2.0\query-13.2.0.jar;C:\Users\hi\.m2\repository\io\cucumber\tag-expressions\6.1.2\tag-expressions-6.1.2.jar;C:\Users\hi\.m2\repository\io\cucumber\cucumber-expressions\18.0.1\cucumber-expressions-18.0.1.jar;C:\Users\hi\.m2\repository\io\cucumber\datatable\7.21.1\datatable-7.21.1.jar;C:\Users\hi\.m2\repository\io\cucumber\cucumber-plugin\7.21.1\cucumber-plugin-7.21.1.jar;C:\Users\hi\.m2\repository\io\cucumber\docstring\7.21.1\docstring-7.21.1.jar;C:\Users\hi\.m2\repository\io\cucumber\html-formatter\21.9.0\html-formatter-21.9.0.jar;C:\Users\hi\.m2\repository\io\cucumber\junit-xml-formatter\0.7.1\junit-xml-formatter-0.7.1.jar;C:\Users\hi\.m2\repository\io\cucumber\ci-environment\10.0.1\ci-environment-10.0.1.jar;C:\Users\hi\.m2\repository\junit\junit\4.13.2\junit-4.13.2.jar;C:\Users\hi\.m2\repository\org\hamcrest\hamcrest-core\1.3\hamcrest-core-1.3.jar;C:\Users\hi\.m2\repository\io\cucumber\cucumber-java\7.21.1\cucumber-java-7.21.1.jar;"/>
    <property name="java.vm.vendor" value="Oracle Corporation"/>
    <property name="sun.arch.data.model" value="64"/>
    <property name="user.variant" value=""/>
    <property name="java.vendor.url" value="https://java.oracle.com/"/>
    <property name="user.timezone" value="Asia/Saigon"/>
    <property name="os.name" value="Windows 11"/>
    <property name="java.vm.specification.version" value="24"/>
    <property name="sun.java.launcher" value="SUN_STANDARD"/>
    <property name="user.country" value="US"/>
    <property name="sun.boot.library.path" value="C:\Program Files\Java\jdk-24\bin"/>
    <property name="sun.java.command" value="C:\Users\hi\AppData\Local\Temp\surefire15252930684646603480\surefirebooter-20250610153059405_3.jar C:\Users\hi\AppData\Local\Temp\surefire15252930684646603480 2025-06-10T15-30-59_319-jvmRun1 surefire-20250610153059405_1tmp surefire_0-20250610153059405_2tmp"/>
    <property name="jdk.debug" value="release"/>
    <property name="surefire.test.class.path" value="C:\Users\hi\Desktop\EERP_Internal_Auto_testing\com.rainbird\target\test-classes;C:\Users\hi\Desktop\EERP_Internal_Auto_testing\com.rainbird\target\classes;C:\Users\hi\.m2\repository\com\microsoft\playwright\playwright\1.51.0\playwright-1.51.0.jar;C:\Users\hi\.m2\repository\com\google\code\gson\gson\2.12.1\gson-2.12.1.jar;C:\Users\hi\.m2\repository\com\google\errorprone\error_prone_annotations\2.36.0\error_prone_annotations-2.36.0.jar;C:\Users\hi\.m2\repository\org\opentest4j\opentest4j\1.3.0\opentest4j-1.3.0.jar;C:\Users\hi\.m2\repository\com\microsoft\playwright\driver\1.51.0\driver-1.51.0.jar;C:\Users\hi\.m2\repository\com\microsoft\playwright\driver-bundle\1.51.0\driver-bundle-1.51.0.jar;C:\Users\hi\.m2\repository\io\cucumber\cucumber-junit\7.21.1\cucumber-junit-7.21.1.jar;C:\Users\hi\.m2\repository\org\apiguardian\apiguardian-api\1.1.2\apiguardian-api-1.1.2.jar;C:\Users\hi\.m2\repository\io\cucumber\cucumber-core\7.21.1\cucumber-core-7.21.1.jar;C:\Users\hi\.m2\repository\io\cucumber\cucumber-gherkin\7.21.1\cucumber-gherkin-7.21.1.jar;C:\Users\hi\.m2\repository\io\cucumber\cucumber-gherkin-messages\7.21.1\cucumber-gherkin-messages-7.21.1.jar;C:\Users\hi\.m2\repository\io\cucumber\gherkin\31.0.0\gherkin-31.0.0.jar;C:\Users\hi\.m2\repository\io\cucumber\messages\27.2.0\messages-27.2.0.jar;C:\Users\hi\.m2\repository\io\cucumber\testng-xml-formatter\0.3.1\testng-xml-formatter-0.3.1.jar;C:\Users\hi\.m2\repository\io\cucumber\query\13.2.0\query-13.2.0.jar;C:\Users\hi\.m2\repository\io\cucumber\tag-expressions\6.1.2\tag-expressions-6.1.2.jar;C:\Users\hi\.m2\repository\io\cucumber\cucumber-expressions\18.0.1\cucumber-expressions-18.0.1.jar;C:\Users\hi\.m2\repository\io\cucumber\datatable\7.21.1\datatable-7.21.1.jar;C:\Users\hi\.m2\repository\io\cucumber\cucumber-plugin\7.21.1\cucumber-plugin-7.21.1.jar;C:\Users\hi\.m2\repository\io\cucumber\docstring\7.21.1\docstring-7.21.1.jar;C:\Users\hi\.m2\repository\io\cucumber\html-formatter\21.9.0\html-formatter-21.9.0.jar;C:\Users\hi\.m2\repository\io\cucumber\junit-xml-formatter\0.7.1\junit-xml-formatter-0.7.1.jar;C:\Users\hi\.m2\repository\io\cucumber\ci-environment\10.0.1\ci-environment-10.0.1.jar;C:\Users\hi\.m2\repository\junit\junit\4.13.2\junit-4.13.2.jar;C:\Users\hi\.m2\repository\org\hamcrest\hamcrest-core\1.3\hamcrest-core-1.3.jar;C:\Users\hi\.m2\repository\io\cucumber\cucumber-java\7.21.1\cucumber-java-7.21.1.jar;"/>
    <property name="sun.cpu.endian" value="little"/>
    <property name="user.home" value="C:\Users\hi"/>
    <property name="user.language" value="en"/>
    <property name="java.specification.vendor" value="Oracle Corporation"/>
    <property name="java.version.date" value="2025-03-18"/>
    <property name="java.home" value="C:\Program Files\Java\jdk-24"/>
    <property name="file.separator" value="\"/>
    <property name="basedir" value="C:\Users\hi\Desktop\EERP_Internal_Auto_testing\com.rainbird"/>
    <property name="java.vm.compressedOopsMode" value="32-bit"/>
    <property name="line.separator" value="&#10;"/>
    <property name="java.vm.specification.vendor" value="Oracle Corporation"/>
    <property name="java.specification.name" value="Java Platform API Specification"/>
    <property name="surefire.real.class.path" value="C:\Users\hi\AppData\Local\Temp\surefire15252930684646603480\surefirebooter-20250610153059405_3.jar"/>
    <property name="user.script" value=""/>
    <property name="sun.management.compiler" value="HotSpot 64-Bit Tiered Compilers"/>
    <property name="java.runtime.version" value="24+36-3646"/>
    <property name="user.name" value="hi"/>
    <property name="stdout.encoding" value="Cp1252"/>
    <property name="path.separator" value=";"/>
    <property name="os.version" value="10.0"/>
    <property name="java.runtime.name" value="Java(TM) SE Runtime Environment"/>
    <property name="file.encoding" value="UTF-8"/>
    <property name="java.vm.name" value="Java HotSpot(TM) 64-Bit Server VM"/>
    <property name="localRepository" value="C:\Users\hi\.m2\repository"/>
    <property name="java.vendor.url.bug" value="https://bugreport.java.com/bugreport/"/>
    <property name="java.io.tmpdir" value="C:\Users\hi\AppData\Local\Temp\"/>
    <property name="idea.version" value="2025.1.2"/>
    <property name="java.version" value="24"/>
    <property name="user.dir" value="C:\Users\hi\Desktop\EERP_Internal_Auto_testing\com.rainbird"/>
    <property name="os.arch" value="amd64"/>
    <property name="java.vm.specification.name" value="Java Virtual Machine Specification"/>
    <property name="sun.os.patch.level" value=""/>
    <property name="native.encoding" value="Cp1252"/>
    <property name="java.library.path" value="C:\Program Files\Java\jdk-24\bin;C:\WINDOWS\Sun\Java\bin;C:\WINDOWS\system32;C:\WINDOWS;C:\Program Files\Common Files\Oracle\Java\javapath;C:\Windows\system32;C:\Windows;C:\Windows\System32\Wbem;C:\Windows\System32\WindowsPowerShell\v1.0\;C:\Windows\System32\OpenSSH\;C:\Program Files (x86)\NVIDIA Corporation\PhysX\Common;C:\WINDOWS\system32;C:\WINDOWS;C:\WINDOWS\System32\Wbem;C:\WINDOWS\System32\WindowsPowerShell\v1.0\;C:\WINDOWS\System32\OpenSSH\;C:\Program Files\nodejs\;C:\Users\hi\AppData\Local\Packages\PythonSoftwareFoundation.Python.3.11_qbz5n2kfra8p0\LocalCache\local-packages\Python311\site-packages;D:\Git\cmd;d:\cursor\resources\app\bin;C:\Users\hi\AppData\Local\Android\Sdk;C:\Users\hi\AppData\Local\Android\Sdk\tools;C:\Users\hi\AppData\Local\Android\Sdk\platform-tools;C:\Program Files\apache-maven-3.9.9\bin;C:\Users\hi\AppData\Local\Programs\Python\Launcher\;C:\Users\hi\AppData\Local\Microsoft\WindowsApps;C:\Users\hi\AppData\Roaming\npm;D:\PyCharm 2025.1\bin;;D:\cursor\resources\app\bin;D:\IntelliJ IDEA 2025.1.1.1\bin;;D:\IntelliJ IDEA Community Edition 2025.1.1.1\bin;;."/>
    <property name="java.vm.info" value="mixed mode, sharing"/>
    <property name="stderr.encoding" value="Cp1252"/>
    <property name="java.vendor" value="Oracle Corporation"/>
    <property name="java.vm.version" value="24+36-3646"/>
    <property name="sun.io.unicode.encoding" value="UnicodeLittle"/>
    <property name="java.class.version" value="68.0"/>
  </properties>
</testsuite>